c:\users\user\desktop\dev\propelled\x64\debug\vc142.pdb
c:\users\user\desktop\dev\propelled\x64\debug\vc142.idb
c:\users\user\desktop\dev\propelled\x64\debug\tinyxml2.obj
c:\users\user\desktop\dev\propelled\x64\debug\texture.obj
c:\users\user\desktop\dev\propelled\x64\debug\shader.obj
c:\users\user\desktop\dev\propelled\x64\debug\stb_image.obj
c:\users\user\desktop\dev\propelled\x64\debug\glm.obj
c:\users\user\desktop\dev\propelled\x64\debug\sprite_renderer.obj
c:\users\user\desktop\dev\propelled\x64\debug\resourcemanager.obj
c:\users\user\desktop\dev\propelled\x64\debug\main.obj
c:\users\user\desktop\dev\propelled\x64\debug\gameobject.obj
c:\users\user\desktop\dev\propelled\x64\debug\pilot.obj
c:\users\user\desktop\dev\propelled\x64\debug\enemy.obj
c:\users\user\desktop\dev\propelled\x64\debug\gamelevel.obj
c:\users\user\desktop\dev\propelled\x64\debug\physicsengine2d.obj
c:\users\user\desktop\dev\propelled\x64\debug\particlegenerator.obj
c:\users\user\desktop\dev\propelled\x64\debug\platform.obj
c:\users\user\desktop\dev\propelled\x64\debug\projectile.obj
c:\users\user\desktop\dev\propelled\x64\debug\projectilegenerator.obj
c:\users\user\desktop\dev\propelled\x64\debug\lightgenerator.obj
c:\users\user\desktop\dev\propelled\x64\debug\game.obj
c:\users\user\desktop\dev\propelled\x64\debug\glad.obj
c:\users\user\desktop\dev\propelled\x64\debug\propelled.exe
c:\users\user\desktop\dev\propelled\x64\debug\propelled.ilk
c:\users\user\desktop\dev\propelled\x64\debug\propelled.pdb
c:\users\user\desktop\dev\propelled\x64\debug\physicsengine2d.obj.enc
c:\users\user\desktop\dev\propelled\x64\debug\propelled.tlog\cl.command.1.tlog
c:\users\user\desktop\dev\propelled\x64\debug\propelled.tlog\cl.read.1.tlog
c:\users\user\desktop\dev\propelled\x64\debug\propelled.tlog\cl.write.1.tlog
c:\users\user\desktop\dev\propelled\x64\debug\propelled.tlog\link.command.1.tlog
c:\users\user\desktop\dev\propelled\x64\debug\propelled.tlog\link.read.1.tlog
c:\users\user\desktop\dev\propelled\x64\debug\propelled.tlog\link.write.1.tlog
